# JRE version: OpenJDK Runtime Environment Temurin-17.0.7+7 (17.0.7+7) (build 17.0.7+7)
# Java VM: OpenJDK 64-Bit Server VM Temurin-17.0.7+7 (17.0.7+7, mixed mode, tiered, compressed oops, compressed class ptrs, g1 gc, windows-amd64)
GC Precious Log:
 CPUs: 12 total, 12 available
 Memory: 3933M
 Large Page Support: Disabled
 NUMA Support: Disabled
 Compressed Oops: Enabled (32-bit)
 Heap Region Size: 1M
 Heap Min Capacity: 8M
 Heap Initial Capacity: 62M
 Heap Max Capacity: 984M
 Pre-touch: Disabled
 Parallel Workers: 10
 Concurrent Workers: 3
 Concurrent Refinement Workers: 10
 Periodic GC: Disabled
Heap:
 garbage-first heap   total 169984K, used 97343K [0x00000000c2800000, 0x0000000100000000)
  region size 1024K, 28 young (28672K), 4 survivors (4096K)
 Metaspace       used 32063K, committed 32320K, reserved 1114112K
  class space    used 4105K, committed 4224K, reserved 1048576K
GC Heap History (20 events):
Event: 14.285 GC heap before
{Heap before GC invocations=8 (full 0):
 garbage-first heap   total 80896K, used 45857K [0x00000000c2800000, 0x0000000100000000)
  region size 1024K, 2 young (2048K), 1 survivors (1024K)
 Metaspace       used 23103K, committed 23360K, reserved 1114112K
  class space    used 2946K, committed 3072K, reserved 1048576K
}
Event: 14.286 GC heap after
{Heap after GC invocations=9 (full 0):
 garbage-first heap   total 80896K, used 45865K [0x00000000c2800000, 0x0000000100000000)
  region size 1024K, 1 young (1024K), 1 survivors (1024K)
 Metaspace       used 23103K, committed 23360K, reserved 1114112K
  class space    used 2946K, committed 3072K, reserved 1048576K
}
Event: 14.296 GC heap before
{Heap before GC invocations=10 (full 0):
 garbage-first heap   total 81920K, used 46889K [0x00000000c2800000, 0x0000000100000000)
  region size 1024K, 2 young (2048K), 1 survivors (1024K)
 Metaspace       used 23133K, committed 23360K, reserved 1114112K
  class space    used 2947K, committed 3072K, reserved 1048576K
}
Event: 14.298 GC heap after
{Heap after GC invocations=11 (full 0):
 garbage-first heap   total 101376K, used 46893K [0x00000000c2800000, 0x0000000100000000)
  region size 1024K, 1 young (1024K), 1 survivors (1024K)
 Metaspace       used 23133K, committed 23360K, reserved 1114112K
  class space    used 2947K, committed 3072K, reserved 1048576K
}
Event: 14.323 GC heap before
{Heap before GC invocations=12 (full 0):
 garbage-first heap   total 101376K, used 48941K [0x00000000c2800000, 0x0000000100000000)
  region size 1024K, 2 young (2048K), 1 survivors (1024K)
 Metaspace       used 23138K, committed 23360K, reserved 1114112K
  class space    used 2947K, committed 3072K, reserved 1048576K
}
Event: 14.325 GC heap after
{Heap after GC invocations=13 (full 0):
 garbage-first heap   total 101376K, used 49262K [0x00000000c2800000, 0x0000000100000000)
  region size 1024K, 1 young (1024K), 1 survivors (1024K)
 Metaspace       used 23138K, committed 23360K, reserved 1114112K
  class space    used 2947K, committed 3072K, reserved 1048576K
}
Event: 16.391 GC heap before
{Heap before GC invocations=14 (full 0):
 garbage-first heap   total 101376K, used 53358K [0x00000000c2800000, 0x0000000100000000)
  region size 1024K, 4 young (4096K), 1 survivors (1024K)
 Metaspace       used 23320K, committed 23552K, reserved 1114112K
  class space    used 2951K, committed 3072K, reserved 1048576K
}
Event: 16.393 GC heap after
{Heap after GC invocations=15 (full 0):
 garbage-first heap   total 101376K, used 51719K [0x00000000c2800000, 0x0000000100000000)
  region size 1024K, 1 young (1024K), 1 survivors (1024K)
 Metaspace       used 23320K, committed 23552K, reserved 1114112K
  class space    used 2951K, committed 3072K, reserved 1048576K
}
Event: 16.419 GC heap before
{Heap before GC invocations=16 (full 0):
 garbage-first heap   total 101376K, used 56839K [0x00000000c2800000, 0x0000000100000000)
  region size 1024K, 2 young (2048K), 1 survivors (1024K)
 Metaspace       used 23339K, committed 23552K, reserved 1114112K
  class space    used 2953K, committed 3072K, reserved 1048576K
}
Event: 16.421 GC heap after
{Heap after GC invocations=17 (full 0):
 garbage-first heap   total 101376K, used 56860K [0x00000000c2800000, 0x0000000100000000)
  region size 1024K, 1 young (1024K), 1 survivors (1024K)
 Metaspace       used 23339K, committed 23552K, reserved 1114112K
  class space    used 2953K, committed 3072K, reserved 1048576K
}
Event: 16.444 GC heap before
{Heap before GC invocations=18 (full 0):
 garbage-first heap   total 106496K, used 61980K [0x00000000c2800000, 0x0000000100000000)
  region size 1024K, 2 young (2048K), 1 survivors (1024K)
 Metaspace       used 23340K, committed 23552K, reserved 1114112K
  class space    used 2953K, committed 3072K, reserved 1048576K
}
Event: 16.446 GC heap after
{Heap after GC invocations=19 (full 0):
 garbage-first heap   total 134144K, used 61983K [0x00000000c2800000, 0x0000000100000000)
  region size 1024K, 1 young (1024K), 1 survivors (1024K)
 Metaspace       used 23340K, committed 23552K, reserved 1114112K
  class space    used 2953K, committed 3072K, reserved 1048576K
}
Event: 16.472 GC heap before
{Heap before GC invocations=20 (full 0):
 garbage-first heap   total 134144K, used 67103K [0x00000000c2800000, 0x0000000100000000)
  region size 1024K, 2 young (2048K), 1 survivors (1024K)
 Metaspace       used 23340K, committed 23552K, reserved 1114112K
  class space    used 2953K, committed 3072K, reserved 1048576K
}
Event: 16.473 GC heap after
{Heap after GC invocations=21 (full 0):
 garbage-first heap   total 134144K, used 67125K [0x00000000c2800000, 0x0000000100000000)
  region size 1024K, 1 young (1024K), 1 survivors (1024K)
 Metaspace       used 23340K, committed 23552K, reserved 1114112K
  class space    used 2953K, committed 3072K, reserved 1048576K
}
Event: 16.497 GC heap before
{Heap before GC invocations=22 (full 0):
 garbage-first heap   total 134144K, used 72245K [0x00000000c2800000, 0x0000000100000000)
  region size 1024K, 2 young (2048K), 1 survivors (1024K)
 Metaspace       used 23342K, committed 23552K, reserved 1114112K
  class space    used 2953K, committed 3072K, reserved 1048576K
}
Event: 16.499 GC heap after
{Heap after GC invocations=23 (full 0):
 garbage-first heap   total 134144K, used 72242K [0x00000000c2800000, 0x0000000100000000)
  region size 1024K, 1 young (1024K), 1 survivors (1024K)
 Metaspace       used 23342K, committed 23552K, reserved 1114112K
  class space    used 2953K, committed 3072K, reserved 1048576K
}
Event: 16.527 GC heap before
{Heap before GC invocations=24 (full 0):
 garbage-first heap   total 134144K, used 77362K [0x00000000c2800000, 0x0000000100000000)
  region size 1024K, 2 young (2048K), 1 survivors (1024K)
 Metaspace       used 23359K, committed 23552K, reserved 1114112K
  class space    used 2953K, committed 3072K, reserved 1048576K
}
Event: 16.529 GC heap after
{Heap after GC invocations=25 (full 0):
 garbage-first heap   total 134144K, used 77360K [0x00000000c2800000, 0x0000000100000000)
  region size 1024K, 1 young (1024K), 1 survivors (1024K)
 Metaspace       used 23359K, committed 23552K, reserved 1114112K
  class space    used 2953K, committed 3072K, reserved 1048576K
}
Event: 25.771 GC heap before
{Heap before GC invocations=26 (full 0):
 garbage-first heap   total 140288K, used 102960K [0x00000000c2800000, 0x0000000100000000)
  region size 1024K, 22 young (22528K), 1 survivors (1024K)
 Metaspace       used 29402K, committed 29696K, reserved 1114112K
  class space    used 3789K, committed 3904K, reserved 1048576K
}
Event: 25.779 GC heap after
{Heap after GC invocations=27 (full 0):
 garbage-first heap   total 169984K, used 48191K [0x00000000c2800000, 0x0000000100000000)
  region size 1024K, 4 young (4096K), 4 survivors (4096K)
 Metaspace       used 29402K, committed 29696K, reserved 1114112K
  class space    used 3789K, committed 3904K, reserved 1048576K
}

