# JRE version: OpenJDK Runtime Environment Temurin-17.0.7+7 (17.0.7+7) (build 17.0.7+7)
# Java VM: OpenJDK 64-Bit Server VM Temurin-17.0.7+7 (17.0.7+7, mixed mode, tiered, compressed oops, compressed class ptrs, g1 gc, windows-amd64)
GC Precious Log:
 CPUs: 12 total, 12 available
 Memory: 3933M
 Large Page Support: Disabled
 NUMA Support: Disabled
 Compressed Oops: Enabled (32-bit)
 Heap Region Size: 1M
 Heap Min Capacity: 8M
 Heap Initial Capacity: 62M
 Heap Max Capacity: 984M
 Pre-touch: Disabled
 Parallel Workers: 10
 Concurrent Workers: 3
 Concurrent Refinement Workers: 10
 Periodic GC: Disabled
Heap:
 garbage-first heap   total 63488K, used 38609K [0x00000000c2800000, 0x0000000100000000)
  region size 1024K, 17 young (17408K), 1 survivors (1024K)
 Metaspace       used 26796K, committed 27072K, reserved 1114112K
  class space    used 3364K, committed 3520K, reserved 1048576K
GC Heap History (6 events):
Event: 1.311 GC heap before
{Heap before GC invocations=0 (full 0):
 garbage-first heap   total 63488K, used 22528K [0x00000000c2800000, 0x0000000100000000)
  region size 1024K, 23 young (23552K), 0 survivors (0K)
 Metaspace       used 12775K, committed 12928K, reserved 1114112K
  class space    used 1341K, committed 1408K, reserved 1048576K
}
Event: 1.318 GC heap after
{Heap after GC invocations=1 (full 0):
 garbage-first heap   total 63488K, used 3026K [0x00000000c2800000, 0x0000000100000000)
  region size 1024K, 3 young (3072K), 3 survivors (3072K)
 Metaspace       used 12775K, committed 12928K, reserved 1114112K
  class space    used 1341K, committed 1408K, reserved 1048576K
}
Event: 4.985 GC heap before
{Heap before GC invocations=1 (full 0):
 garbage-first heap   total 63488K, used 41938K [0x00000000c2800000, 0x0000000100000000)
  region size 1024K, 30 young (30720K), 3 survivors (3072K)
 Metaspace       used 20552K, committed 20736K, reserved 1114112K
  class space    used 2465K, committed 2560K, reserved 1048576K
}
Event: 4.992 GC heap after
{Heap after GC invocations=2 (full 0):
 garbage-first heap   total 63488K, used 17217K [0x00000000c2800000, 0x0000000100000000)
  region size 1024K, 4 young (4096K), 4 survivors (4096K)
 Metaspace       used 20552K, committed 20736K, reserved 1114112K
  class space    used 2465K, committed 2560K, reserved 1048576K
}
Event: 5.094 GC heap before
{Heap before GC invocations=2 (full 0):
 garbage-first heap   total 63488K, used 19265K [0x00000000c2800000, 0x0000000100000000)
  region size 1024K, 7 young (7168K), 4 survivors (4096K)
 Metaspace       used 21342K, committed 21504K, reserved 1114112K
  class space    used 2561K, committed 2624K, reserved 1048576K
}
Event: 5.099 GC heap after
{Heap after GC invocations=3 (full 0):
 garbage-first heap   total 63488K, used 18129K [0x00000000c2800000, 0x0000000100000000)
  region size 1024K, 1 young (1024K), 1 survivors (1024K)
 Metaspace       used 21342K, committed 21504K, reserved 1114112K
  class space    used 2561K, committed 2624K, reserved 1048576K
}

