# JRE version: OpenJDK Runtime Environment Temurin-17.0.7+7 (17.0.7+7) (build 17.0.7+7)
# Java VM: OpenJDK 64-Bit Server VM Temurin-17.0.7+7 (17.0.7+7, mixed mode, tiered, compressed oops, compressed class ptrs, g1 gc, windows-amd64)
GC Precious Log:
 CPUs: 12 total, 12 available
 Memory: 3933M
 Large Page Support: Disabled
 NUMA Support: Disabled
 Compressed Oops: Enabled (32-bit)
 Heap Region Size: 1M
 Heap Min Capacity: 8M
 Heap Initial Capacity: 62M
 Heap Max Capacity: 984M
 Pre-touch: Disabled
 Parallel Workers: 10
 Concurrent Workers: 3
 Concurrent Refinement Workers: 10
 Periodic GC: Disabled
Heap:
 garbage-first heap   total 89088K, used 55181K [0x00000000c2800000, 0x0000000100000000)
  region size 1024K, 2 young (2048K), 1 survivors (1024K)
 Metaspace       used 30904K, committed 31232K, reserved 1114112K
  class space    used 3936K, committed 4096K, reserved 1048576K
GC Heap History (20 events):
Event: 6.320 GC heap before
{Heap before GC invocations=5 (full 0):
 garbage-first heap   total 63488K, used 30331K [0x00000000c2800000, 0x0000000100000000)
  region size 1024K, 4 young (4096K), 3 survivors (3072K)
 Metaspace       used 27890K, committed 28160K, reserved 1114112K
  class space    used 3580K, committed 3712K, reserved 1048576K
}
Event: 6.328 GC heap after
{Heap after GC invocations=6 (full 0):
 garbage-first heap   total 63488K, used 29688K [0x00000000c2800000, 0x0000000100000000)
  region size 1024K, 1 young (1024K), 1 survivors (1024K)
 Metaspace       used 27890K, committed 28160K, reserved 1114112K
  class space    used 3580K, committed 3712K, reserved 1048576K
}
Event: 11.208 GC heap before
{Heap before GC invocations=6 (full 0):
 garbage-first heap   total 63488K, used 31736K [0x00000000c2800000, 0x0000000100000000)
  region size 1024K, 4 young (4096K), 1 survivors (1024K)
 Metaspace       used 28161K, committed 28480K, reserved 1114112K
  class space    used 3582K, committed 3776K, reserved 1048576K
}
Event: 11.210 GC heap after
{Heap after GC invocations=7 (full 0):
 garbage-first heap   total 63488K, used 30182K [0x00000000c2800000, 0x0000000100000000)
  region size 1024K, 1 young (1024K), 1 survivors (1024K)
 Metaspace       used 28161K, committed 28480K, reserved 1114112K
  class space    used 3582K, committed 3776K, reserved 1048576K
}
Event: 16.472 GC heap before
{Heap before GC invocations=8 (full 0):
 garbage-first heap   total 63488K, used 33254K [0x00000000c2800000, 0x0000000100000000)
  region size 1024K, 6 young (6144K), 1 survivors (1024K)
 Metaspace       used 28493K, committed 28800K, reserved 1114112K
  class space    used 3589K, committed 3776K, reserved 1048576K
}
Event: 16.474 GC heap after
{Heap after GC invocations=9 (full 0):
 garbage-first heap   total 63488K, used 23264K [0x00000000c2800000, 0x0000000100000000)
  region size 1024K, 2 young (2048K), 2 survivors (2048K)
 Metaspace       used 28493K, committed 28800K, reserved 1114112K
  class space    used 3589K, committed 3776K, reserved 1048576K
}
Event: 18.990 GC heap before
{Heap before GC invocations=9 (full 0):
 garbage-first heap   total 63488K, used 42720K [0x00000000c2800000, 0x0000000100000000)
  region size 1024K, 17 young (17408K), 2 survivors (2048K)
 Metaspace       used 30798K, committed 31104K, reserved 1114112K
  class space    used 3922K, committed 4096K, reserved 1048576K
}
Event: 18.994 GC heap after
{Heap after GC invocations=10 (full 0):
 garbage-first heap   total 63488K, used 31395K [0x00000000c2800000, 0x0000000100000000)
  region size 1024K, 3 young (3072K), 3 survivors (3072K)
 Metaspace       used 30798K, committed 31104K, reserved 1114112K
  class space    used 3922K, committed 4096K, reserved 1048576K
}
Event: 19.021 GC heap before
{Heap before GC invocations=11 (full 0):
 garbage-first heap   total 63488K, used 36515K [0x00000000c2800000, 0x0000000100000000)
  region size 1024K, 4 young (4096K), 3 survivors (3072K)
 Metaspace       used 30798K, committed 31104K, reserved 1114112K
  class space    used 3922K, committed 4096K, reserved 1048576K
}
Event: 19.024 GC heap after
{Heap after GC invocations=12 (full 0):
 garbage-first heap   total 76800K, used 36532K [0x00000000c2800000, 0x0000000100000000)
  region size 1024K, 1 young (1024K), 1 survivors (1024K)
 Metaspace       used 30798K, committed 31104K, reserved 1114112K
  class space    used 3922K, committed 4096K, reserved 1048576K
}
Event: 19.055 GC heap before
{Heap before GC invocations=13 (full 0):
 garbage-first heap   total 76800K, used 41652K [0x00000000c2800000, 0x0000000100000000)
  region size 1024K, 2 young (2048K), 1 survivors (1024K)
 Metaspace       used 30798K, committed 31104K, reserved 1114112K
  class space    used 3922K, committed 4096K, reserved 1048576K
}
Event: 19.056 GC heap after
{Heap after GC invocations=14 (full 0):
 garbage-first heap   total 76800K, used 41605K [0x00000000c2800000, 0x0000000100000000)
  region size 1024K, 1 young (1024K), 1 survivors (1024K)
 Metaspace       used 30798K, committed 31104K, reserved 1114112K
  class space    used 3922K, committed 4096K, reserved 1048576K
}
Event: 19.086 GC heap before
{Heap before GC invocations=15 (full 0):
 garbage-first heap   total 76800K, used 35461K [0x00000000c2800000, 0x0000000100000000)
  region size 1024K, 2 young (2048K), 1 survivors (1024K)
 Metaspace       used 30860K, committed 31168K, reserved 1114112K
  class space    used 3935K, committed 4096K, reserved 1048576K
}
Event: 19.087 GC heap after
{Heap after GC invocations=16 (full 0):
 garbage-first heap   total 76800K, used 35428K [0x00000000c2800000, 0x0000000100000000)
  region size 1024K, 1 young (1024K), 1 survivors (1024K)
 Metaspace       used 30860K, committed 31168K, reserved 1114112K
  class space    used 3935K, committed 4096K, reserved 1048576K
}
Event: 19.114 GC heap before
{Heap before GC invocations=17 (full 0):
 garbage-first heap   total 76800K, used 40548K [0x00000000c2800000, 0x0000000100000000)
  region size 1024K, 2 young (2048K), 1 survivors (1024K)
 Metaspace       used 30867K, committed 31168K, reserved 1114112K
  class space    used 3936K, committed 4096K, reserved 1048576K
}
Event: 19.115 GC heap after
{Heap after GC invocations=18 (full 0):
 garbage-first heap   total 76800K, used 40551K [0x00000000c2800000, 0x0000000100000000)
  region size 1024K, 1 young (1024K), 1 survivors (1024K)
 Metaspace       used 30867K, committed 31168K, reserved 1114112K
  class space    used 3936K, committed 4096K, reserved 1048576K
}
Event: 19.140 GC heap before
{Heap before GC invocations=19 (full 0):
 garbage-first heap   total 80896K, used 45671K [0x00000000c2800000, 0x0000000100000000)
  region size 1024K, 2 young (2048K), 1 survivors (1024K)
 Metaspace       used 30868K, committed 31168K, reserved 1114112K
  class space    used 3936K, committed 4096K, reserved 1048576K
}
Event: 19.141 GC heap after
{Heap after GC invocations=20 (full 0):
 garbage-first heap   total 80896K, used 45672K [0x00000000c2800000, 0x0000000100000000)
  region size 1024K, 1 young (1024K), 1 survivors (1024K)
 Metaspace       used 30868K, committed 31168K, reserved 1114112K
  class space    used 3936K, committed 4096K, reserved 1048576K
}
Event: 19.195 GC heap before
{Heap before GC invocations=21 (full 0):
 garbage-first heap   total 89088K, used 51816K [0x00000000c2800000, 0x0000000100000000)
  region size 1024K, 3 young (3072K), 1 survivors (1024K)
 Metaspace       used 30903K, committed 31168K, reserved 1114112K
  class space    used 3936K, committed 4096K, reserved 1048576K
}
Event: 19.196 GC heap after
{Heap after GC invocations=22 (full 0):
 garbage-first heap   total 89088K, used 51085K [0x00000000c2800000, 0x0000000100000000)
  region size 1024K, 1 young (1024K), 1 survivors (1024K)
 Metaspace       used 30903K, committed 31168K, reserved 1114112K
  class space    used 3936K, committed 4096K, reserved 1048576K
}

