# JRE version: OpenJDK Runtime Environment Temurin-17.0.7+7 (17.0.7+7) (build 17.0.7+7)
# Java VM: OpenJDK 64-Bit Server VM Temurin-17.0.7+7 (17.0.7+7, mixed mode, tiered, compressed oops, compressed class ptrs, g1 gc, windows-amd64)
GC Precious Log:
 CPUs: 12 total, 12 available
 Memory: 3933M
 Large Page Support: Disabled
 NUMA Support: Disabled
 Compressed Oops: Enabled (32-bit)
 Heap Region Size: 1M
 Heap Min Capacity: 8M
 Heap Initial Capacity: 62M
 Heap Max Capacity: 984M
 Pre-touch: Disabled
 Parallel Workers: 10
 Concurrent Workers: 3
 Concurrent Refinement Workers: 10
 Periodic GC: Disabled
Heap:
 garbage-first heap   total 137216K, used 65407K [0x00000000c2800000, 0x0000000100000000)
  region size 1024K, 4 young (4096K), 3 survivors (3072K)
 Metaspace       used 31516K, committed 31808K, reserved 1114112K
  class space    used 4092K, committed 4224K, reserved 1048576K
GC Heap History (20 events):
Event: 1.254 GC heap before
{Heap before GC invocations=0 (full 0):
 garbage-first heap   total 63488K, used 22528K [0x00000000c2800000, 0x0000000100000000)
  region size 1024K, 23 young (23552K), 0 survivors (0K)
 Metaspace       used 12845K, committed 13056K, reserved 1114112K
  class space    used 1350K, committed 1472K, reserved 1048576K
}
Event: 1.260 GC heap after
{Heap after GC invocations=1 (full 0):
 garbage-first heap   total 63488K, used 3460K [0x00000000c2800000, 0x0000000100000000)
  region size 1024K, 3 young (3072K), 3 survivors (3072K)
 Metaspace       used 12845K, committed 13056K, reserved 1114112K
  class space    used 1350K, committed 1472K, reserved 1048576K
}
Event: 3.756 GC heap before
{Heap before GC invocations=1 (full 0):
 garbage-first heap   total 63488K, used 42372K [0x00000000c2800000, 0x0000000100000000)
  region size 1024K, 30 young (30720K), 3 survivors (3072K)
 Metaspace       used 20597K, committed 20864K, reserved 1114112K
  class space    used 2484K, committed 2624K, reserved 1048576K
}
Event: 3.765 GC heap after
{Heap after GC invocations=2 (full 0):
 garbage-first heap   total 63488K, used 17433K [0x00000000c2800000, 0x0000000100000000)
  region size 1024K, 4 young (4096K), 4 survivors (4096K)
 Metaspace       used 20597K, committed 20864K, reserved 1114112K
  class space    used 2484K, committed 2624K, reserved 1048576K
}
Event: 3.927 GC heap before
{Heap before GC invocations=2 (full 0):
 garbage-first heap   total 63488K, used 19481K [0x00000000c2800000, 0x0000000100000000)
  region size 1024K, 7 young (7168K), 4 survivors (4096K)
 Metaspace       used 21304K, committed 21504K, reserved 1114112K
  class space    used 2565K, committed 2624K, reserved 1048576K
}
Event: 3.931 GC heap after
{Heap after GC invocations=3 (full 0):
 garbage-first heap   total 63488K, used 18262K [0x00000000c2800000, 0x0000000100000000)
  region size 1024K, 1 young (1024K), 1 survivors (1024K)
 Metaspace       used 21304K, committed 21504K, reserved 1114112K
  class space    used 2565K, committed 2624K, reserved 1048576K
}
Event: 11.947 GC heap before
{Heap before GC invocations=4 (full 0):
 garbage-first heap   total 63488K, used 50006K [0x00000000c2800000, 0x0000000100000000)
  region size 1024K, 27 young (27648K), 1 survivors (1024K)
 Metaspace       used 28459K, committed 28672K, reserved 1114112K
  class space    used 3740K, committed 3840K, reserved 1048576K
}
Event: 11.950 GC heap after
{Heap after GC invocations=5 (full 0):
 garbage-first heap   total 63488K, used 27174K [0x00000000c2800000, 0x0000000100000000)
  region size 1024K, 4 young (4096K), 4 survivors (4096K)
 Metaspace       used 28459K, committed 28672K, reserved 1114112K
  class space    used 3740K, committed 3840K, reserved 1048576K
}
Event: 14.558 GC heap before
{Heap before GC invocations=5 (full 0):
 garbage-first heap   total 63488K, used 33318K [0x00000000c2800000, 0x0000000100000000)
  region size 1024K, 6 young (6144K), 4 survivors (4096K)
 Metaspace       used 28925K, committed 29184K, reserved 1114112K
  class space    used 3770K, committed 3904K, reserved 1048576K
}
Event: 14.562 GC heap after
{Heap after GC invocations=6 (full 0):
 garbage-first heap   total 63488K, used 32915K [0x00000000c2800000, 0x0000000100000000)
  region size 1024K, 1 young (1024K), 1 survivors (1024K)
 Metaspace       used 28925K, committed 29184K, reserved 1114112K
  class space    used 3770K, committed 3904K, reserved 1048576K
}
Event: 15.710 GC heap before
{Heap before GC invocations=7 (full 0):
 garbage-first heap   total 63488K, used 58515K [0x00000000c2800000, 0x0000000100000000)
  region size 1024K, 6 young (6144K), 1 survivors (1024K)
 Metaspace       used 29977K, committed 30208K, reserved 1114112K
  class space    used 3899K, committed 4032K, reserved 1048576K
}
Event: 15.713 GC heap after
{Heap after GC invocations=8 (full 0):
 garbage-first heap   total 63488K, used 56185K [0x00000000c2800000, 0x0000000100000000)
  region size 1024K, 2 young (2048K), 2 survivors (2048K)
 Metaspace       used 29977K, committed 30208K, reserved 1114112K
  class space    used 3899K, committed 4032K, reserved 1048576K
}
Event: 15.740 GC heap before
{Heap before GC invocations=8 (full 0):
 garbage-first heap   total 63488K, used 57209K [0x00000000c2800000, 0x0000000100000000)
  region size 1024K, 3 young (3072K), 2 survivors (2048K)
 Metaspace       used 30324K, committed 30592K, reserved 1114112K
  class space    used 3935K, committed 4096K, reserved 1048576K
}
Event: 15.743 GC heap after
{Heap after GC invocations=9 (full 0):
 garbage-first heap   total 63488K, used 56359K [0x00000000c2800000, 0x0000000100000000)
  region size 1024K, 1 young (1024K), 1 survivors (1024K)
 Metaspace       used 30324K, committed 30592K, reserved 1114112K
  class space    used 3935K, committed 4096K, reserved 1048576K
}
Event: 15.798 GC heap before
{Heap before GC invocations=9 (full 0):
 garbage-first heap   total 63488K, used 58407K [0x00000000c2800000, 0x0000000100000000)
  region size 1024K, 3 young (3072K), 1 survivors (1024K)
 Metaspace       used 30652K, committed 30848K, reserved 1114112K
  class space    used 3971K, committed 4096K, reserved 1048576K
}
Event: 15.799 GC heap after
{Heap after GC invocations=10 (full 0):
 garbage-first heap   total 63488K, used 56836K [0x00000000c2800000, 0x0000000100000000)
  region size 1024K, 1 young (1024K), 1 survivors (1024K)
 Metaspace       used 30652K, committed 30848K, reserved 1114112K
  class space    used 3971K, committed 4096K, reserved 1048576K
}
Event: 15.841 GC heap before
{Heap before GC invocations=11 (full 0):
 garbage-first heap   total 86016K, used 51716K [0x00000000c2800000, 0x0000000100000000)
  region size 1024K, 3 young (3072K), 1 survivors (1024K)
 Metaspace       used 31050K, committed 31360K, reserved 1114112K
  class space    used 4062K, committed 4224K, reserved 1048576K
}
Event: 15.843 GC heap after
{Heap after GC invocations=12 (full 0):
 garbage-first heap   total 86016K, used 49887K [0x00000000c2800000, 0x0000000100000000)
  region size 1024K, 1 young (1024K), 1 survivors (1024K)
 Metaspace       used 31050K, committed 31360K, reserved 1114112K
  class space    used 4062K, committed 4224K, reserved 1048576K
}
Event: 17.979 GC heap before
{Heap before GC invocations=12 (full 0):
 garbage-first heap   total 86016K, used 55007K [0x00000000c2800000, 0x0000000100000000)
  region size 1024K, 7 young (7168K), 1 survivors (1024K)
 Metaspace       used 31430K, committed 31680K, reserved 1114112K
  class space    used 4091K, committed 4224K, reserved 1048576K
}
Event: 17.983 GC heap after
{Heap after GC invocations=13 (full 0):
 garbage-first heap   total 137216K, used 51453K [0x00000000c2800000, 0x0000000100000000)
  region size 1024K, 3 young (3072K), 3 survivors (3072K)
 Metaspace       used 31430K, committed 31680K, reserved 1114112K
  class space    used 4091K, committed 4224K, reserved 1048576K
}

